<?xml version="1.0" encoding="UTF-8"?>
<testsuite name="org.launchcode.adventureland.AdventurelandApplicationTests" tests="1" skipped="0" failures="0" errors="0" timestamp="2022-09-21T17:53:03" hostname="MacBook-Pro.localdomain" time="0.414">
  <properties/>
  <testcase name="contextLoads()" classname="org.launchcode.adventureland.AdventurelandApplicationTests" time="0.414"/>
  <system-out><![CDATA[12:52:27.339 [Test worker] DEBUG org.springframework.test.context.BootstrapUtils - Instantiating CacheAwareContextLoaderDelegate from class [org.springframework.test.context.cache.DefaultCacheAwareContextLoaderDelegate]
12:52:27.385 [Test worker] DEBUG org.springframework.test.context.BootstrapUtils - Instantiating BootstrapContext using constructor [public org.springframework.test.context.support.DefaultBootstrapContext(java.lang.Class,org.springframework.test.context.CacheAwareContextLoaderDelegate)]
12:52:28.108 [Test worker] DEBUG org.springframework.test.context.BootstrapUtils - Instantiating TestContextBootstrapper for test class [org.launchcode.adventureland.AdventurelandApplicationTests] from class [org.springframework.boot.test.context.SpringBootTestContextBootstrapper]
12:52:28.210 [Test worker] INFO org.springframework.boot.test.context.SpringBootTestContextBootstrapper - Neither @ContextConfiguration nor @ContextHierarchy found for test class [org.launchcode.adventureland.AdventurelandApplicationTests], using SpringBootContextLoader
12:52:28.218 [Test worker] DEBUG org.springframework.test.context.support.AbstractContextLoader - Did not detect default resource location for test class [org.launchcode.adventureland.AdventurelandApplicationTests]: class path resource [org/launchcode/adventureland/AdventurelandApplicationTests-context.xml] does not exist
12:52:28.219 [Test worker] DEBUG org.springframework.test.context.support.AbstractContextLoader - Did not detect default resource location for test class [org.launchcode.adventureland.AdventurelandApplicationTests]: class path resource [org/launchcode/adventureland/AdventurelandApplicationTestsContext.groovy] does not exist
12:52:28.221 [Test worker] INFO org.springframework.test.context.support.AbstractContextLoader - Could not detect default resource locations for test class [org.launchcode.adventureland.AdventurelandApplicationTests]: no resource found for suffixes {-context.xml, Context.groovy}.
12:52:28.223 [Test worker] INFO org.springframework.test.context.support.AnnotationConfigContextLoaderUtils - Could not detect default configuration classes for test class [org.launchcode.adventureland.AdventurelandApplicationTests]: AdventurelandApplicationTests does not declare any static, non-private, non-final, nested classes annotated with @Configuration.
12:52:28.362 [Test worker] DEBUG org.springframework.test.context.support.ActiveProfilesUtils - Could not find an 'annotation declaring class' for annotation type [org.springframework.test.context.ActiveProfiles] and class [org.launchcode.adventureland.AdventurelandApplicationTests]
12:52:28.627 [Test worker] DEBUG org.springframework.context.annotation.ClassPathScanningCandidateComponentProvider - Identified candidate component class: file [/Users/jarohnjohnson/Desktop/Adventureland/build/classes/java/main/org/launchcode/adventureland/AdventurelandApplication.class]
12:52:28.629 [Test worker] INFO org.springframework.boot.test.context.SpringBootTestContextBootstrapper - Found @SpringBootConfiguration org.launchcode.adventureland.AdventurelandApplication for test class org.launchcode.adventureland.AdventurelandApplicationTests
12:52:29.237 [Test worker] DEBUG org.springframework.boot.test.context.SpringBootTestContextBootstrapper - @TestExecutionListeners is not present for class [org.launchcode.adventureland.AdventurelandApplicationTests]: using defaults.
12:52:29.238 [Test worker] INFO org.springframework.boot.test.context.SpringBootTestContextBootstrapper - Loaded default TestExecutionListener class names from location [META-INF/spring.factories]: [org.springframework.security.test.context.support.WithSecurityContextTestExecutionListener, org.springframework.security.test.context.support.ReactorContextTestExecutionListener, org.springframework.boot.test.autoconfigure.restdocs.RestDocsTestExecutionListener, org.springframework.boot.test.autoconfigure.web.client.MockRestServiceServerResetTestExecutionListener, org.springframework.boot.test.autoconfigure.web.servlet.MockMvcPrintOnlyOnFailureTestExecutionListener, org.springframework.boot.test.autoconfigure.web.servlet.WebDriverTestExecutionListener, org.springframework.boot.test.autoconfigure.webservices.client.MockWebServiceServerTestExecutionListener, org.springframework.boot.test.mock.mockito.MockitoTestExecutionListener, org.springframework.boot.test.mock.mockito.ResetMocksTestExecutionListener, org.springframework.test.context.web.ServletTestExecutionListener, org.springframework.test.context.support.DirtiesContextBeforeModesTestExecutionListener, org.springframework.test.context.event.ApplicationEventsTestExecutionListener, org.springframework.test.context.support.DependencyInjectionTestExecutionListener, org.springframework.test.context.support.DirtiesContextTestExecutionListener, org.springframework.test.context.transaction.TransactionalTestExecutionListener, org.springframework.test.context.jdbc.SqlScriptsTestExecutionListener, org.springframework.test.context.event.EventPublishingTestExecutionListener]
12:52:29.302 [Test worker] INFO org.springframework.boot.test.context.SpringBootTestContextBootstrapper - Using TestExecutionListeners: [org.springframework.test.context.web.ServletTestExecutionListener@4264b240, org.springframework.test.context.support.DirtiesContextBeforeModesTestExecutionListener@5b04476e, org.springframework.test.context.event.ApplicationEventsTestExecutionListener@5ad10c1a, org.springframework.boot.test.mock.mockito.MockitoTestExecutionListener@6bb75258, org.springframework.boot.test.autoconfigure.SpringBootDependencyInjectionTestExecutionListener@c260bdc, org.springframework.test.context.support.DirtiesContextTestExecutionListener@75e01201, org.springframework.test.context.transaction.TransactionalTestExecutionListener@2783717b, org.springframework.test.context.jdbc.SqlScriptsTestExecutionListener@76f7d241, org.springframework.security.test.context.support.WithSecurityContextTestExecutionListener@4a335fa8, org.springframework.test.context.event.EventPublishingTestExecutionListener@3f363cf5, org.springframework.security.test.context.support.ReactorContextTestExecutionListener@3829ac1, org.springframework.boot.test.autoconfigure.restdocs.RestDocsTestExecutionListener@4baf352a, org.springframework.boot.test.autoconfigure.web.client.MockRestServiceServerResetTestExecutionListener@1bb1fde8, org.springframework.boot.test.autoconfigure.web.servlet.MockMvcPrintOnlyOnFailureTestExecutionListener@15eebbff, org.springframework.boot.test.autoconfigure.web.servlet.WebDriverTestExecutionListener@22d6f11, org.springframework.boot.test.autoconfigure.webservices.client.MockWebServiceServerTestExecutionListener@30990c1b, org.springframework.boot.test.mock.mockito.ResetMocksTestExecutionListener@2453f95d]
12:52:29.310 [Test worker] DEBUG org.springframework.test.context.support.AbstractDirtiesContextTestExecutionListener - Before test class: context [DefaultTestContext@7e38a7fe testClass = AdventurelandApplicationTests, testInstance = [null], testMethod = [null], testException = [null], mergedContextConfiguration = [WebMergedContextConfiguration@366ef90e testClass = AdventurelandApplicationTests, locations = '{}', classes = '{class org.launchcode.adventureland.AdventurelandApplication}', contextInitializerClasses = '[]', activeProfiles = '{}', propertySourceLocations = '{}', propertySourceProperties = '{org.springframework.boot.test.context.SpringBootTestContextBootstrapper=true}', contextCustomizers = set[org.springframework.boot.test.autoconfigure.actuate.metrics.MetricsExportContextCustomizerFactory$DisableMetricExportContextCustomizer@70f02c32, org.springframework.boot.test.autoconfigure.properties.PropertyMappingContextCustomizer@0, org.springframework.boot.test.autoconfigure.web.servlet.WebDriverContextCustomizerFactory$Customizer@4716be8b, org.springframework.boot.test.context.filter.ExcludeFilterContextCustomizer@6cce16f4, org.springframework.boot.test.json.DuplicateJsonObjectContextCustomizerFactory$DuplicateJsonObjectContextCustomizer@3b7d3a38, org.springframework.boot.test.mock.mockito.MockitoContextCustomizer@0, org.springframework.boot.test.web.client.TestRestTemplateContextCustomizer@c9d0d6, org.springframework.boot.test.context.SpringBootTestArgs@1, org.springframework.boot.test.context.SpringBootTestWebEnvironment@32910148], resourceBasePath = 'src/main/webapp', contextLoader = 'org.springframework.boot.test.context.SpringBootContextLoader', parent = [null]], attributes = map['org.springframework.test.context.web.ServletTestExecutionListener.activateListener' -> true]], class annotated with @DirtiesContext [false] with mode [null].

  .   ____          _            __ _ _
 /\\ / ___'_ __ _ _(_)_ __  __ _ \ \ \ \
( ( )\___ | '_ | '_| | '_ \/ _` | \ \ \ \
 \\/  ___)| |_)| | | | | || (_| |  ) ) ) )
  '  |____| .__|_| |_|_| |_\__, | / / / /
 =========|_|==============|___/=/_/_/_/
 :: Spring Boot ::                (v2.7.2)

2022-09-21 12:52:32.853  INFO 22351 --- [    Test worker] o.l.a.AdventurelandApplicationTests      : Starting AdventurelandApplicationTests using Java 15.0.2 on MacBook-Pro.localdomain with PID 22351 (started by jarohnjohnson in /Users/jarohnjohnson/Desktop/Adventureland)
2022-09-21 12:52:32.889  INFO 22351 --- [    Test worker] o.l.a.AdventurelandApplicationTests      : No active profile set, falling back to 1 default profile: "default"
2022-09-21 12:52:37.154  INFO 22351 --- [    Test worker] .s.d.r.c.RepositoryConfigurationDelegate : Bootstrapping Spring Data JPA repositories in DEFAULT mode.
2022-09-21 12:52:37.373  INFO 22351 --- [    Test worker] .s.d.r.c.RepositoryConfigurationDelegate : Finished Spring Data repository scanning in 209 ms. Found 5 JPA repository interfaces.
2022-09-21 12:52:39.741  INFO 22351 --- [    Test worker] o.hibernate.jpa.internal.util.LogHelper  : HHH000204: Processing PersistenceUnitInfo [name: default]
2022-09-21 12:52:39.891  INFO 22351 --- [    Test worker] org.hibernate.Version                    : HHH000412: Hibernate ORM core version 5.6.10.Final
2022-09-21 12:52:41.292  INFO 22351 --- [    Test worker] o.hibernate.annotations.common.Version   : HCANN000001: Hibernate Commons Annotations {5.1.2.Final}
2022-09-21 12:52:42.263  INFO 22351 --- [    Test worker] com.zaxxer.hikari.HikariDataSource       : HikariPool-1 - Starting...
2022-09-21 12:52:46.997  INFO 22351 --- [    Test worker] com.zaxxer.hikari.HikariDataSource       : HikariPool-1 - Start completed.
2022-09-21 12:52:47.119  INFO 22351 --- [    Test worker] org.hibernate.dialect.Dialect            : HHH000400: Using dialect: org.hibernate.dialect.MySQL8Dialect
2022-09-21 12:52:55.611  INFO 22351 --- [    Test worker] o.h.e.t.j.p.i.JtaPlatformInitiator       : HHH000490: Using JtaPlatform implementation: [org.hibernate.engine.transaction.jta.platform.internal.NoJtaPlatform]
2022-09-21 12:52:55.652  INFO 22351 --- [    Test worker] j.LocalContainerEntityManagerFactoryBean : Initialized JPA EntityManagerFactory for persistence unit 'default'
2022-09-21 12:52:59.263  INFO 22351 --- [    Test worker] o.s.s.web.DefaultSecurityFilterChain     : Will secure any request with [org.springframework.security.web.session.DisableEncodeUrlFilter@6c930e7e, org.springframework.security.web.context.request.async.WebAsyncManagerIntegrationFilter@7e69bf78, org.springframework.security.web.context.SecurityContextPersistenceFilter@2bed5828, org.springframework.security.web.header.HeaderWriterFilter@5bfdabf3, org.springframework.security.web.authentication.logout.LogoutFilter@19542115, org.springframework.security.web.authentication.UsernamePasswordAuthenticationFilter@45482f82, org.springframework.security.web.savedrequest.RequestCacheAwareFilter@5089a72b, org.springframework.security.web.servletapi.SecurityContextHolderAwareRequestFilter@1164990a, org.springframework.security.web.authentication.rememberme.RememberMeAuthenticationFilter@45e9db77, org.springframework.security.web.authentication.AnonymousAuthenticationFilter@24d097c8, org.springframework.security.web.session.SessionManagementFilter@50aa9a91, org.springframework.security.web.access.ExceptionTranslationFilter@51eafec0, org.springframework.security.web.access.intercept.FilterSecurityInterceptor@642d971f]
2022-09-21 12:53:00.095  WARN 22351 --- [    Test worker] JpaBaseConfiguration$JpaWebConfiguration : spring.jpa.open-in-view is enabled by default. Therefore, database queries may be performed during view rendering. Explicitly configure spring.jpa.open-in-view to disable this warning
2022-09-21 12:53:01.225  INFO 22351 --- [    Test worker] o.s.b.a.w.s.WelcomePageHandlerMapping    : Adding welcome page template: index
2022-09-21 12:53:03.487  INFO 22351 --- [    Test worker] o.l.a.AdventurelandApplicationTests      : Started AdventurelandApplicationTests in 33.521 seconds (JVM running for 39.83)
]]></system-out>
  <system-err><![CDATA[]]></system-err>
</testsuite>
