<?xml version="1.0" encoding="UTF-8"?>
<testsuite name="org.launchcode.adventureland.AdventurelandApplicationTests" tests="1" skipped="0" failures="0" errors="0" timestamp="2022-09-22T17:09:59" hostname="RS-LENOVO" time="0.459">
  <properties/>
  <testcase name="contextLoads()" classname="org.launchcode.adventureland.AdventurelandApplicationTests" time="0.459"/>
  <system-out><![CDATA[12:09:50.057 [Test worker] DEBUG org.springframework.test.context.BootstrapUtils - Instantiating CacheAwareContextLoaderDelegate from class [org.springframework.test.context.cache.DefaultCacheAwareContextLoaderDelegate]
12:09:50.070 [Test worker] DEBUG org.springframework.test.context.BootstrapUtils - Instantiating BootstrapContext using constructor [public org.springframework.test.context.support.DefaultBootstrapContext(java.lang.Class,org.springframework.test.context.CacheAwareContextLoaderDelegate)]
12:09:50.106 [Test worker] DEBUG org.springframework.test.context.BootstrapUtils - Instantiating TestContextBootstrapper for test class [org.launchcode.adventureland.AdventurelandApplicationTests] from class [org.springframework.boot.test.context.SpringBootTestContextBootstrapper]
12:09:50.118 [Test worker] INFO org.springframework.boot.test.context.SpringBootTestContextBootstrapper - Neither @ContextConfiguration nor @ContextHierarchy found for test class [org.launchcode.adventureland.AdventurelandApplicationTests], using SpringBootContextLoader
12:09:50.122 [Test worker] DEBUG org.springframework.test.context.support.AbstractContextLoader - Did not detect default resource location for test class [org.launchcode.adventureland.AdventurelandApplicationTests]: class path resource [org/launchcode/adventureland/AdventurelandApplicationTests-context.xml] does not exist
12:09:50.122 [Test worker] DEBUG org.springframework.test.context.support.AbstractContextLoader - Did not detect default resource location for test class [org.launchcode.adventureland.AdventurelandApplicationTests]: class path resource [org/launchcode/adventureland/AdventurelandApplicationTestsContext.groovy] does not exist
12:09:50.122 [Test worker] INFO org.springframework.test.context.support.AbstractContextLoader - Could not detect default resource locations for test class [org.launchcode.adventureland.AdventurelandApplicationTests]: no resource found for suffixes {-context.xml, Context.groovy}.
12:09:50.123 [Test worker] INFO org.springframework.test.context.support.AnnotationConfigContextLoaderUtils - Could not detect default configuration classes for test class [org.launchcode.adventureland.AdventurelandApplicationTests]: AdventurelandApplicationTests does not declare any static, non-private, non-final, nested classes annotated with @Configuration.
12:09:50.176 [Test worker] DEBUG org.springframework.test.context.support.ActiveProfilesUtils - Could not find an 'annotation declaring class' for annotation type [org.springframework.test.context.ActiveProfiles] and class [org.launchcode.adventureland.AdventurelandApplicationTests]
12:09:50.262 [Test worker] DEBUG org.springframework.context.annotation.ClassPathScanningCandidateComponentProvider - Identified candidate component class: file [C:\Users\rache\Adventureland\build\classes\java\main\org\launchcode\adventureland\AdventurelandApplication.class]
12:09:50.265 [Test worker] INFO org.springframework.boot.test.context.SpringBootTestContextBootstrapper - Found @SpringBootConfiguration org.launchcode.adventureland.AdventurelandApplication for test class org.launchcode.adventureland.AdventurelandApplicationTests
12:09:50.407 [Test worker] DEBUG org.springframework.boot.test.context.SpringBootTestContextBootstrapper - @TestExecutionListeners is not present for class [org.launchcode.adventureland.AdventurelandApplicationTests]: using defaults.
12:09:50.408 [Test worker] INFO org.springframework.boot.test.context.SpringBootTestContextBootstrapper - Loaded default TestExecutionListener class names from location [META-INF/spring.factories]: [org.springframework.security.test.context.support.WithSecurityContextTestExecutionListener, org.springframework.security.test.context.support.ReactorContextTestExecutionListener, org.springframework.boot.test.autoconfigure.restdocs.RestDocsTestExecutionListener, org.springframework.boot.test.autoconfigure.web.client.MockRestServiceServerResetTestExecutionListener, org.springframework.boot.test.autoconfigure.web.servlet.MockMvcPrintOnlyOnFailureTestExecutionListener, org.springframework.boot.test.autoconfigure.web.servlet.WebDriverTestExecutionListener, org.springframework.boot.test.autoconfigure.webservices.client.MockWebServiceServerTestExecutionListener, org.springframework.boot.test.mock.mockito.MockitoTestExecutionListener, org.springframework.boot.test.mock.mockito.ResetMocksTestExecutionListener, org.springframework.test.context.web.ServletTestExecutionListener, org.springframework.test.context.support.DirtiesContextBeforeModesTestExecutionListener, org.springframework.test.context.event.ApplicationEventsTestExecutionListener, org.springframework.test.context.support.DependencyInjectionTestExecutionListener, org.springframework.test.context.support.DirtiesContextTestExecutionListener, org.springframework.test.context.transaction.TransactionalTestExecutionListener, org.springframework.test.context.jdbc.SqlScriptsTestExecutionListener, org.springframework.test.context.event.EventPublishingTestExecutionListener]
12:09:50.433 [Test worker] INFO org.springframework.boot.test.context.SpringBootTestContextBootstrapper - Using TestExecutionListeners: [org.springframework.test.context.web.ServletTestExecutionListener@3faf2e7d, org.springframework.test.context.support.DirtiesContextBeforeModesTestExecutionListener@4648ce9, org.springframework.test.context.event.ApplicationEventsTestExecutionListener@569bf9eb, org.springframework.boot.test.mock.mockito.MockitoTestExecutionListener@61526469, org.springframework.boot.test.autoconfigure.SpringBootDependencyInjectionTestExecutionListener@274872f8, org.springframework.test.context.support.DirtiesContextTestExecutionListener@76ba13c, org.springframework.test.context.transaction.TransactionalTestExecutionListener@eb6449b, org.springframework.test.context.jdbc.SqlScriptsTestExecutionListener@7c351808, org.springframework.security.test.context.support.WithSecurityContextTestExecutionListener@180e6ac4, org.springframework.test.context.event.EventPublishingTestExecutionListener@42b64ab8, org.springframework.security.test.context.support.ReactorContextTestExecutionListener@7e985ce9, org.springframework.boot.test.autoconfigure.restdocs.RestDocsTestExecutionListener@2a39fe6a, org.springframework.boot.test.autoconfigure.web.client.MockRestServiceServerResetTestExecutionListener@410ae9a3, org.springframework.boot.test.autoconfigure.web.servlet.MockMvcPrintOnlyOnFailureTestExecutionListener@319988b0, org.springframework.boot.test.autoconfigure.web.servlet.WebDriverTestExecutionListener@d5ae57e, org.springframework.boot.test.autoconfigure.webservices.client.MockWebServiceServerTestExecutionListener@68759011, org.springframework.boot.test.mock.mockito.ResetMocksTestExecutionListener@7e242b4d]
12:09:50.443 [Test worker] DEBUG org.springframework.test.context.support.AbstractDirtiesContextTestExecutionListener - Before test class: context [DefaultTestContext@4fad94a7 testClass = AdventurelandApplicationTests, testInstance = [null], testMethod = [null], testException = [null], mergedContextConfiguration = [WebMergedContextConfiguration@475835b1 testClass = AdventurelandApplicationTests, locations = '{}', classes = '{class org.launchcode.adventureland.AdventurelandApplication}', contextInitializerClasses = '[]', activeProfiles = '{}', propertySourceLocations = '{}', propertySourceProperties = '{org.springframework.boot.test.context.SpringBootTestContextBootstrapper=true}', contextCustomizers = set[org.springframework.boot.test.autoconfigure.actuate.metrics.MetricsExportContextCustomizerFactory$DisableMetricExportContextCustomizer@ee86bcb, org.springframework.boot.test.autoconfigure.properties.PropertyMappingContextCustomizer@0, org.springframework.boot.test.autoconfigure.web.servlet.WebDriverContextCustomizerFactory$Customizer@6c0d9d86, org.springframework.boot.test.context.filter.ExcludeFilterContextCustomizer@5dcb4f5f, org.springframework.boot.test.json.DuplicateJsonObjectContextCustomizerFactory$DuplicateJsonObjectContextCustomizer@47f9738, org.springframework.boot.test.mock.mockito.MockitoContextCustomizer@0, org.springframework.boot.test.web.client.TestRestTemplateContextCustomizer@3a0baae5, org.springframework.boot.test.context.SpringBootTestArgs@1, org.springframework.boot.test.context.SpringBootTestWebEnvironment@48974e45], resourceBasePath = 'src/main/webapp', contextLoader = 'org.springframework.boot.test.context.SpringBootContextLoader', parent = [null]], attributes = map['org.springframework.test.context.web.ServletTestExecutionListener.activateListener' -> true]], class annotated with @DirtiesContext [false] with mode [null].

  .   ____          _            __ _ _
 /\\ / ___'_ __ _ _(_)_ __  __ _ \ \ \ \
( ( )\___ | '_ | '_| | '_ \/ _` | \ \ \ \
 \\/  ___)| |_)| | | | | || (_| |  ) ) ) )
  '  |____| .__|_| |_|_| |_\__, | / / / /
 =========|_|==============|___/=/_/_/_/
 :: Spring Boot ::                (v2.7.2)

2022-09-22 12:09:50.852  INFO 68948 --- [    Test worker] o.l.a.AdventurelandApplicationTests      : Starting AdventurelandApplicationTests using Java 15.0.2 on rs-lenovo with PID 68948 (started by rache in C:\Users\rache\Adventureland)
2022-09-22 12:09:50.854  INFO 68948 --- [    Test worker] o.l.a.AdventurelandApplicationTests      : No active profile set, falling back to 1 default profile: "default"
2022-09-22 12:09:52.069  INFO 68948 --- [    Test worker] .s.d.r.c.RepositoryConfigurationDelegate : Bootstrapping Spring Data JPA repositories in DEFAULT mode.
2022-09-22 12:09:52.179  INFO 68948 --- [    Test worker] .s.d.r.c.RepositoryConfigurationDelegate : Finished Spring Data repository scanning in 93 ms. Found 5 JPA repository interfaces.
2022-09-22 12:09:53.314  INFO 68948 --- [    Test worker] o.hibernate.jpa.internal.util.LogHelper  : HHH000204: Processing PersistenceUnitInfo [name: default]
2022-09-22 12:09:53.394  INFO 68948 --- [    Test worker] org.hibernate.Version                    : HHH000412: Hibernate ORM core version 5.6.10.Final
2022-09-22 12:09:53.710  INFO 68948 --- [    Test worker] o.hibernate.annotations.common.Version   : HCANN000001: Hibernate Commons Annotations {5.1.2.Final}
2022-09-22 12:09:53.881  INFO 68948 --- [    Test worker] com.zaxxer.hikari.HikariDataSource       : HikariPool-1 - Starting...
2022-09-22 12:09:54.410  INFO 68948 --- [    Test worker] com.zaxxer.hikari.HikariDataSource       : HikariPool-1 - Start completed.
2022-09-22 12:09:54.430  INFO 68948 --- [    Test worker] org.hibernate.dialect.Dialect            : HHH000400: Using dialect: org.hibernate.dialect.MySQL8Dialect
2022-09-22 12:09:56.020  INFO 68948 --- [    Test worker] o.h.e.t.j.p.i.JtaPlatformInitiator       : HHH000490: Using JtaPlatform implementation: [org.hibernate.engine.transaction.jta.platform.internal.NoJtaPlatform]
2022-09-22 12:09:56.032  INFO 68948 --- [    Test worker] j.LocalContainerEntityManagerFactoryBean : Initialized JPA EntityManagerFactory for persistence unit 'default'
2022-09-22 12:09:57.723  INFO 68948 --- [    Test worker] o.s.s.web.DefaultSecurityFilterChain     : Will secure any request with [org.springframework.security.web.session.DisableEncodeUrlFilter@50e4d8cd, org.springframework.security.web.context.request.async.WebAsyncManagerIntegrationFilter@4b37d1a4, org.springframework.security.web.context.SecurityContextPersistenceFilter@1ac71b87, org.springframework.security.web.header.HeaderWriterFilter@7a22302c, org.springframework.security.web.authentication.logout.LogoutFilter@42095996, org.springframework.security.web.authentication.UsernamePasswordAuthenticationFilter@3eb641a8, org.springframework.security.web.savedrequest.RequestCacheAwareFilter@6ddbbfbb, org.springframework.security.web.servletapi.SecurityContextHolderAwareRequestFilter@4f629aa4, org.springframework.security.web.authentication.rememberme.RememberMeAuthenticationFilter@4280b20b, org.springframework.security.web.authentication.AnonymousAuthenticationFilter@34114276, org.springframework.security.web.session.SessionManagementFilter@23eb6d13, org.springframework.security.web.access.ExceptionTranslationFilter@255d4d7, org.springframework.security.web.access.intercept.FilterSecurityInterceptor@1d126f07]
2022-09-22 12:09:58.227  WARN 68948 --- [    Test worker] JpaBaseConfiguration$JpaWebConfiguration : spring.jpa.open-in-view is enabled by default. Therefore, database queries may be performed during view rendering. Explicitly configure spring.jpa.open-in-view to disable this warning
2022-09-22 12:09:59.006  INFO 68948 --- [    Test worker] o.s.b.a.w.s.WelcomePageHandlerMapping    : Adding welcome page template: index
2022-09-22 12:09:59.907  INFO 68948 --- [    Test worker] o.l.a.AdventurelandApplicationTests      : Started AdventurelandApplicationTests in 9.421 seconds (JVM running for 10.917)
]]></system-out>
  <system-err><![CDATA[]]></system-err>
</testsuite>
